0 0.5330444203683641
1000 0.6771397616468039
2000 0.942578548212351
3000 0.9404117009750813
4000 0.9707475622968581
5000 0.9826652221018418
6000 0.9902491874322861
7000 0.9978331527627302
8000 0.9989165763813651
9000 1.0
10000 1.0
['1' '2' 'fizz' '4' 'buzz' 'fizz' '7' '8' 'fizz' 'buzz' '11' 'fizz' '13'
 '14' 'fizzbuzz' '16' '17' 'fizz' '19' 'buzz' 'fizz' '22' '23' 'fizz'
 'buzz' '26' '27' '28' '29' 'fizzbuzz' '31' '32' 'fizz' '34' 'buzz' 'fizz'
 '37' '38' 'fizz' 'buzz' '41' 'fizz' '43' '44' 'fizzbuzz' '46' '47' 'fizz'
 '49' 'buzz' 'fizz' '52' '53' 'fizz' 'buzz' '56' 'fizz' '58' '59'
 'fizzbuzz' '61' '62' 'fizz' '64' 'buzz' 'fizz' '67' '68' 'fizz' 'buzz'
 '71' '72' '73' '74' 'fizzbuzz' '76' '77' 'fizz' '79' 'buzz' 'fizz' '82'
 '83' 'fizz' 'buzz' '86' 'fizz' '88' '89' 'fizzbuzz' '91' '92' 'fizz' '94'
 'buzz' 'fizz' '97' '98' 'fizz' 'buzz']
